<?xml version="1.0" encoding="UTF-8"?>
<!-- Generated by org.testng.reporters.JUnitXMLReporter -->
<testsuite ignored="0" hostname="DESKTOP-43DDOCO" failures="0" tests="4" name="Test" time="0.154" errors="0" timestamp="2023-09-12T08:08:54 IST">
  <testcase classname="com.parallelexec.B" name="tc4" time="0.054"/>
  <testcase classname="com.parallelexec.C" name="tc6" time="0.057"/>
  <testcase classname="com.parallelexec.B" name="tc5" time="0.001"/>
  <testcase classname="com.parallelexec.C" name="tc7" time="0.001"/>
</testsuite> <!-- Test -->
