<?xml version="1.0" encoding="UTF-8"?>
<testng-results ignored="0" total="2" passed="2" failed="0" skipped="0">
  <reporter-output>
  </reporter-output>
  <suite started-at="2023-09-28T08:55:14 IST" name="Default suite" finished-at="2023-09-28T08:55:20 IST" duration-ms="6043">
    <groups>
    </groups>
    <test started-at="2023-09-28T08:55:14 IST" name="Default test" finished-at="2023-09-28T08:55:20 IST" duration-ms="6043">
      <class name="com.testNG.SampleExtentReport">
        <test-method is-config="true" signature="beforeClass()[pri:0, instance:com.testNG.SampleExtentReport@10683d9d]" started-at="2023-09-28T08:55:14 IST" name="beforeClass" finished-at="2023-09-28T08:55:14 IST" duration-ms="292" status="PASS">
          <reporter-output>
          </reporter-output>
        </test-method> <!-- beforeClass -->
        <test-method signature="tc1()[pri:0, instance:com.testNG.SampleExtentReport@10683d9d]" started-at="2023-09-28T08:55:14 IST" name="tc1" finished-at="2023-09-28T08:55:19 IST" duration-ms="4623" status="PASS">
          <reporter-output>
          </reporter-output>
        </test-method> <!-- tc1 -->
        <test-method signature="tc2()[pri:0, instance:com.testNG.SampleExtentReport@10683d9d]" started-at="2023-09-28T08:55:19 IST" name="tc2" finished-at="2023-09-28T08:55:19 IST" duration-ms="15" status="PASS">
          <reporter-output>
          </reporter-output>
        </test-method> <!-- tc2 -->
        <test-method is-config="true" signature="afterClass()[pri:0, instance:com.testNG.SampleExtentReport@10683d9d]" started-at="2023-09-28T08:55:19 IST" name="afterClass" finished-at="2023-09-28T08:55:20 IST" duration-ms="1064" status="PASS">
          <reporter-output>
          </reporter-output>
        </test-method> <!-- afterClass -->
      </class> <!-- com.testNG.SampleExtentReport -->
    </test> <!-- Default test -->
  </suite> <!-- Default suite -->
</testng-results>
